{"uuid":"a3f41eb0-c8dc-4f61-a3af-678cc347d849","historyId":"7c2d6f3e500cb13e050a8916deb89d96","fullName":"io.cucumber.testng.AbstractTestNGCucumberTests.runScenario","labels":[{"name":"package","value":"runners.TestRunner"},{"name":"testClass","value":"runners.TestRunner"},{"name":"testMethod","value":"runScenario"},{"name":"parentSuite","value":"Default Suite"},{"name":"suite","value":"unit5_finalTask"},{"name":"subSuite","value":"runners.TestRunner"},{"name":"host","value":"Honor"},{"name":"thread","value":"1736@Honor.TestNG-PoolService-0(30)"},{"name":"framework","value":"testng"},{"name":"language","value":"java"}],"links":[],"name":"Runs Cucumber Scenarios","status":"broken","statusDetails":{"known":false,"muted":false,"flaky":false,"message":"Unable to provision, see the following errors:\n\n1) [Guice/ErrorInjectingConstructor]: ExceptionInInitializerError\n  at stepdefinitions.asPdfPageSteps.<init>(asPdfPageSteps.java:8)\n  while locating stepdefinitions.asPdfPageSteps\n\nLearn more:\n  https://github.com/google/guice/wiki/ERROR_INJECTING_CONSTRUCTOR\n\n1 error","trace":"com.google.inject.ProvisionException: Unable to provision, see the following errors:\n\n1) [Guice/ErrorInjectingConstructor]: ExceptionInInitializerError\n  at stepdefinitions.asPdfPageSteps.<init>(asPdfPageSteps.java:8)\n  while locating stepdefinitions.asPdfPageSteps\n\nLearn more:\n  https://github.com/google/guice/wiki/ERROR_INJECTING_CONSTRUCTOR\n\n1 error\r\n\tat com.google.inject.internal.InternalProvisionException.toProvisionException(InternalProvisionException.java:251)\r\n\tat com.google.inject.internal.InjectorImpl$1.get(InjectorImpl.java:1151)\r\n\tat com.google.inject.internal.InjectorImpl.getInstance(InjectorImpl.java:1186)\r\n\tat io.cucumber.guice.GuiceFactory.getInstance(GuiceFactory.java:43)\r\n\tat io.cucumber.java.JavaStepDefinition.execute(JavaStepDefinition.java:27)\r\n\tat io.cucumber.core.runner.PickleStepDefinitionMatch.runStep(PickleStepDefinitionMatch.java:63)\r\n\tat io.cucumber.core.runner.TestStep.executeStep(TestStep.java:64)\r\n\tat io.cucumber.core.runner.TestStep.run(TestStep.java:49)\r\n\tat io.cucumber.core.runner.PickleStepTestStep.run(PickleStepTestStep.java:46)\r\n\tat io.cucumber.core.runner.TestCase.run(TestCase.java:51)\r\n\tat io.cucumber.core.runner.Runner.runPickle(Runner.java:67)\r\n\tat io.cucumber.testng.TestNGCucumberRunner.runScenario(TestNGCucumberRunner.java:124)\r\n\tat io.cucumber.testng.AbstractTestNGCucumberTests.runScenario(AbstractTestNGCucumberTests.java:29)\r\n\tat java.base/jdk.internal.reflect.DirectMethodHandleAccessor.invoke(DirectMethodHandleAccessor.java:104)\r\n\tat java.base/java.lang.reflect.Method.invoke(Method.java:578)\r\n\tat org.testng.internal.invokers.MethodInvocationHelper.invokeMethod(MethodInvocationHelper.java:139)\r\n\tat org.testng.internal.invokers.TestInvoker.invokeMethod(TestInvoker.java:664)\r\n\tat org.testng.internal.invokers.TestInvoker.invokeTestMethod(TestInvoker.java:227)\r\n\tat org.testng.internal.invokers.TestMethodWithDataProviderMethodWorker.call(TestMethodWithDataProviderMethodWorker.java:80)\r\n\tat org.testng.internal.invokers.TestMethodWithDataProviderMethodWorker.call(TestMethodWithDataProviderMethodWorker.java:17)\r\n\tat java.base/java.util.concurrent.FutureTask.run(FutureTask.java:317)\r\n\tat java.base/java.util.concurrent.Executors$RunnableAdapter.call(Executors.java:577)\r\n\tat java.base/java.util.concurrent.FutureTask.run(FutureTask.java:317)\r\n\tat java.base/java.util.concurrent.ThreadPoolExecutor.runWorker(ThreadPoolExecutor.java:1144)\r\n\tat java.base/java.util.concurrent.ThreadPoolExecutor$Worker.run(ThreadPoolExecutor.java:642)\r\n\tat java.base/java.lang.Thread.run(Thread.java:1623)\r\nCaused by: java.lang.ExceptionInInitializerError\r\n\tat pages.asPdfPage.<init>(asPdfPage.java:12)\r\n\tat stepdefinitions.asPdfPageSteps.<init>(asPdfPageSteps.java:9)\r\n\tat stepdefinitions.asPdfPageSteps$$FastClassByGuice$$2281f1a.GUICE$TRAMPOLINE(<generated>)\r\n\tat stepdefinitions.asPdfPageSteps$$FastClassByGuice$$2281f1a.apply(<generated>)\r\n\tat com.google.inject.internal.DefaultConstructionProxyFactory$FastClassProxy.newInstance(DefaultConstructionProxyFactory.java:82)\r\n\tat com.google.inject.internal.ConstructorInjector.provision(ConstructorInjector.java:114)\r\n\tat com.google.inject.internal.ConstructorInjector.construct(ConstructorInjector.java:91)\r\n\tat com.google.inject.internal.ConstructorBindingImpl$Factory.get(ConstructorBindingImpl.java:300)\r\n\tat com.google.inject.internal.InjectorImpl$1.get(InjectorImpl.java:1148)\r\n\t... 24 more\r\nCaused by: java.lang.IllegalArgumentException: Resource file fileData.json was not found or cannot be loaded\r\n\tat aquality.selenium.core.utilities.ResourceFile.getResourcePath(ResourceFile.java:37)\r\n\tat aquality.selenium.core.utilities.ResourceFile.<init>(ResourceFile.java:19)\r\n\tat aquality.selenium.core.utilities.JsonSettingsFile.<init>(JsonSettingsFile.java:27)\r\n\tat utils.SettingsTestData.<clinit>(SettingsTestData.java:12)\r\n\t... 33 more\r\nCaused by: java.lang.NullPointerException\r\n\tat java.base/java.util.Objects.requireNonNull(Objects.java:233)\r\n\tat aquality.selenium.core.utilities.ResourceFile.getResourcePath(ResourceFile.java:35)\r\n\t... 36 more\r\n"},"stage":"finished","steps":[],"attachments":[],"parameters":[{"name":"arg1","value":"\"Download article as PDF\""},{"name":"arg0","value":"\"User downloads an article as a PDF file\""}],"start":1741714694781,"stop":1741714702613}